<?xml version="1.0" encoding="UTF-8"?>
<!-- Generated by org.testng.reporters.JUnitXMLReporter -->
<testsuite hostname="DESKTOP-UHC4NVK" ignored="0" name="Test" tests="3" failures="0" timestamp="26 Oct 2020 04:25:17 GMT" time="44.17" errors="0">
  <testcase name="homePage" time="1.294" classname="org.stepdef.BookingModule"/>
  <testcase name="flightSelectionPage" time="31.256" classname="org.stepdef.BookingModule"/>
  <testcase name="paymentPage" time="2.25" classname="org.stepdef.BookingModule"/>
</testsuite> <!-- Test -->
