<?xml version="1.0" encoding="UTF-8"?>
<testng-results skipped="0" failed="0" ignored="0" total="1" passed="1">
  <reporter-output>
  </reporter-output>
  <suite name="Default suite" duration-ms="13571" started-at="2020-11-15T05:31:02Z" finished-at="2020-11-15T05:31:16Z">
    <groups>
    </groups>
    <test name="Default test" duration-ms="13571" started-at="2020-11-15T05:31:02Z" finished-at="2020-11-15T05:31:16Z">
      <class name="org.stepdef.DatePickers">
        <test-method status="PASS" signature="openBrowser()[pri:0, instance:org.stepdef.DatePickers@ae45eb6]" name="openBrowser" is-config="true" duration-ms="4982" started-at="2020-11-15T05:31:02Z" finished-at="2020-11-15T05:31:07Z">
          <reporter-output>
          </reporter-output>
        </test-method> <!-- openBrowser -->
        <test-method status="PASS" signature="tripDetails()[pri:0, instance:org.stepdef.DatePickers@ae45eb6]" name="tripDetails" duration-ms="7770" started-at="2020-11-15T05:31:07Z" finished-at="2020-11-15T05:31:15Z">
          <reporter-output>
          </reporter-output>
        </test-method> <!-- tripDetails -->
        <test-method status="PASS" signature="closeBrowser()[pri:0, instance:org.stepdef.DatePickers@ae45eb6]" name="closeBrowser" is-config="true" duration-ms="773" started-at="2020-11-15T05:31:15Z" finished-at="2020-11-15T05:31:16Z">
          <reporter-output>
          </reporter-output>
        </test-method> <!-- closeBrowser -->
      </class> <!-- org.stepdef.DatePickers -->
    </test> <!-- Default test -->
  </suite> <!-- Default suite -->
</testng-results>
